  Using 'git status' to determine working set for adaptive non-unity build (C:\Unreal\CodeLikeMe).
  Parsing headers for UE4_Cpp_MultiPlayerEditor
    Running UnrealHeaderTool "C:\Unreal\CodeLikeMe\UE4_Cpp_MultiPlayer\UE4_Cpp_MultiPlayer.uproject" "C:\Unreal\CodeLikeMe\UE4_Cpp_MultiPlayer\Intermediate\Build\Win64\UE4_Cpp_MultiPlayerEditor\Development\UE4_Cpp_MultiPlayerEditor.uhtmanifest" -LogCmds="loginit warning, logexit warning, logdatabase error" -Unattended -WarningsAsErrors -abslog="C:\Users\lem82\AppData\Local\UnrealBuildTool\Log_UHT.txt" -installed
  Reflection code generated for UE4_Cpp_MultiPlayerEditor in 4.8012571 seconds
  Building UE4_Cpp_MultiPlayerEditor...
  Using Visual Studio 2019 14.29.30140 toolchain (C:\Program Files (x86)\Microsoft Visual Studio\2019\Community\VC\Tools\MSVC\14.29.30133) and Windows 10.0.18362.0 SDK (C:\Program Files (x86)\Windows Kits\10).
  Building 10 actions with 16 processes...
    [1/10] ICharacter.cpp
    [2/10] UE4_Cpp_MultiPlayer.init.gen.cpp
    [3/10] CAnimInstance.cpp
    [4/10] ICharacter.gen.cpp
    [5/10] CAnimInstance.gen.cpp
    [6/10] CPlayableCharacter.gen.cpp
    [7/10] CPlayableCharacter.cpp
    [8/10] UE4Editor-UE4_Cpp_MultiPlayer-0012.lib
       C:\Unreal\CodeLikeMe\UE4_Cpp_MultiPlayer\Intermediate\Build\Win64\UE4Editor\Development\UE4_Cpp_MultiPlayer\UE4Editor-UE4_Cpp_MultiPlayer-0012.lib 라이브러리 및 C:\Unreal\CodeLikeMe\UE4_Cpp_MultiPlayer\Intermediate\Build\Win64\UE4Editor\Development\UE4_Cpp_MultiPlayer\UE4Editor-UE4_Cpp_MultiPlayer-0012.exp 개체를 생성하고 있습니다.
    [9/10] UE4Editor-UE4_Cpp_MultiPlayer-0012.dll
       C:\Unreal\CodeLikeMe\UE4_Cpp_MultiPlayer\Intermediate\Build\Win64\UE4Editor\Development\UE4_Cpp_MultiPlayer\UE4Editor-UE4_Cpp_MultiPlayer-0012.suppressed.lib 라이브러리 및 C:\Unreal\CodeLikeMe\UE4_Cpp_MultiPlayer\Intermediate\Build\Win64\UE4Editor\Development\UE4_Cpp_MultiPlayer\UE4Editor-UE4_Cpp_MultiPlayer-0012.suppressed.exp 개체를 생성하고 있습니다.
    [10/10] UE4_Cpp_MultiPlayerEditor.target
  Total time in Parallel executor: 7.84 seconds
  Total execution time: 13.80 seconds
